Arguments: 
  C:\Program Files\nodejs\node.exe C:\Users\APIN\AppData\Roaming\npm\node_modules\yarn\bin\yarn.js install

PATH: 
  C:\Users\APIN\bin;C:\Program Files\Git\mingw64\bin;C:\Program Files\Git\usr\local\bin;C:\Program Files\Git\usr\bin;C:\Program Files\Git\usr\bin;C:\Program Files\Git\mingw64\bin;C:\Program Files\Git\usr\bin;C:\Users\APIN\bin;C:\WINDOWS\system32;C:\WINDOWS;C:\WINDOWS\System32\Wbem;C:\WINDOWS\System32\WindowsPowerShell\v1.0;C:\WINDOWS\System32\OpenSSH;C:\Program Files\Git\cmd;C:\cygwin64\bin;C:\ProgramData\ComposerSetup\bin;C:\wamp64\bin\php\php7.4.26;C:\Users\APIN\AppData\Roaming\nvm;C:\Program Files\nodejs;C:\Users\APIN\AppData\Local\Programs\Python\Python310\Scripts;C:\Users\APIN\AppData\Local\Programs\Python\Python310;C:\Users\APIN\AppData\Local\Microsoft\WindowsApps;C:\Users\APIN\AppData\Local\Programs\Microsoft VS Code\bin;C:\Users\APIN\AppData\Roaming\npm;C:\Users\APIN\AppData\Local\GitHubDesktop\bin;C:\Users\APIN\AppData\Roaming\Composer\vendor\bin;C:\Users\APIN\AppData\Roaming\nvm;C:\Program Files\nodejs;C:\adb;C:\Program Files\nodejs;C:\Users\APIN\.console-ninja\.bin;C:\Users\APIN\AppData\Local\Programs\Python\Python310\Scripts;C:\Users\APIN\AppData\Local\Programs\Python\Python310;C:\Users\APIN\AppData\Local\Microsoft\WindowsApps;C:\Users\APIN\AppData\Local\Programs\Microsoft VS Code\bin;C:\Users\APIN\AppData\Local\GitHubDesktop\bin;C:\cygwin64\bin;C:\Users\APIN\AppData\Roaming\Composer\vendor\bin;C:\Users\APIN\AppData\Roaming\nvm;C:\Program Files\nodejs;C:\Users\APIN\AppData\Roaming\npm;C:\Program Files\Git\usr\bin\vendor_perl;C:\Program Files\Git\usr\bin\core_perl

Yarn version: 
  1.22.19

Node version: 
  18.16.0

Platform: 
  win32 x64

Trace: 
  Error: getaddrinfo ENOTFOUND registry.yarnpkg.com
      at GetAddrInfoReqWrap.onlookup [as oncomplete] (node:dns:107:26)

npm manifest: 
  {
    "name": "threejs-journey-exercise",
    "private": true,
    "version": "0.0.0",
    "type": "module",
    "scripts": {
      "dev": "vite",
      "build": "vite build"
    },
    "devDependencies": {
      "vite": "^4.0.4"
    },
    "dependencies": {
      "three": "^0.148.0"
    }
  }

yarn manifest: 
  No manifest

Lockfile: 
  No lockfile
